Exception: Error: [1000] Message: 	wrap keyword does not exist.

The above exception was the direct cause of the following exception:

Traceback (most recent call last):
  File "c:\Users\valer\Documents\progval\Presse_Propre\main.py", line 236, in <module>
    add_table(bas__yes, number_tag, id_jssson)
  File "c:\Users\valer\Documents\progval\Presse_Propre\main.py", line 184, in add_table
    dpg.add_input_text(default_value=texte, tag=text_tag, wrap=400, readonly=True, multiline=False)
  File "C:\Users\valer\AppData\Local\Programs\Python\Python311\Lib\site-packages\dearpygui\dearpygui.py", line 5265, in add_input_text
    return internal_dpg.add_input_text(label=label, user_data=user_data, use_internal_label=use_internal_label, tag=tag, width=width, height=height, indent=indent, parent=parent, before=before, source=source, payload_type=payload_type, callback=callback, drag_callback=drag_callback, drop_callback=drop_callback, show=show, enabled=enabled, pos=pos, filter_key=filter_key, tracked=tracked, track_offset=track_offset, default_value=default_value, hint=hint, multiline=multiline, no_spaces=no_spaces, uppercase=uppercase, tab_input=tab_input, decimal=decimal, hexadecimal=hexadecimal, readonly=readonly, password=password, scientific=scientific, on_enter=on_enter, auto_select_all=auto_select_all, ctrl_enter_for_new_line=ctrl_enter_for_new_line, no_horizontal_scroll=no_horizontal_scroll, always_overwrite=always_overwrite, no_undo_redo=no_undo_redo, escape_clears_all=escape_clears_all, **kwargs)
           ^^^^^^^^^^^^^^^^^^^^^^^^^^^^^^^^^^^^^^^^^^^^^^^^^^^^^^^^^^^^^^^^^^^^^^^^^^^^^^^^^^^^^^^^^^^^^^^^^^^^^^^^^^^^^^^^^^^^^^^^^^^^^^^^^^^^^^^^^^^^^^^^^^^^^^^^^^^^^^^^^^^^^^^^^^^^^^^^^^^^^^^^^^^^^^^^^^^^^^^^^^^^^^^^^^^^^^^^^^^^^^^^^^^^^^^^^^^^^^^^^^^^^^^^^^^^^^^^^^^^^^^^^^^^^^^^^^^^^^^^^^^^^^^^^^^^^^^^^^^^^^^^^^^^^^^^^^^^^^^^^^^^^^^^^^^^^^^^^^^^^^^^^^^^^^^^^^^^^^^^^^^^^^^^^^^^^^^^^^^^^^^^^^^^^^^^^^^^^^^^^^^^^^^^^^^^^^^^^^^^^^^^^^^^^^^^^^^^^^^^^^^^^^^^^^^^^^^^^^^^^^^^^^^^^^^^^^^^^^^^^^^^^^^^^^^^^^^^^^^^^^^^^^^^^^^^^^^^^^^^^^^^^^^^^^^^^^^^^^^^^^^^^^^^^^^^^^^^^^^^^^^^^^^^^^^^^^^^^^^^^^^^^^^^^^^^^^^^^^^^^^^^^^^^^^^^^^^^^^^^^^^^^^^^^^^^^^^^^^^^^^^^^^^^^^^^^^^^^^^^^^^^^^^^^^^^^^^^^^^^^^^^^^^^^^^^^^^^^^^^^^^^^^^^^^^^^^^^^^^^^^^^^^^^^^^^^^^^^^^^^^^^^^^^^^^^^^^^^^^^^^^^^^^^^^^^^^^^^^^^^^^^^^^^^^^^^^^^^^^^^^^^^^^^^^^^^^^^^^^^^^^^^^^^^^^^^^^^^^^^^^^^^^^^^^^^^^^^^^^^^^^^^^^^^^^^^^^^^^^^^^^^^
SystemError: <built-in function add_input_text> returned a result with an exception set
